<?xml version="1.0" encoding="UTF-8"?>
<!-- Generated by org.testng.reporters.JUnitReportReporter -->
<testsuite skipped="0" hostname="P4A-DQNMX52" name="qaclickacademy.AppiumTest" tests="2" failures="0" timestamp="12 Nov 2018 07:04:06 GMT" time="0.000" errors="0">
  <testcase name="iosApps" time="0.000" classname="qaclickacademy.AppiumTest"/>
  <testcase name="nativeAppAndroid" time="0.000" classname="qaclickacademy.AppiumTest"/>
</testsuite> <!-- qaclickacademy.AppiumTest -->
